<?xml version="1.0" encoding="UTF-8"?>
<testng-results skipped="3" failed="0" total="3" passed="0">
  <reporter-output>
  </reporter-output>
  <suite name="Default suite" duration-ms="11275" started-at="2016-08-14T11:03:36Z" finished-at="2016-08-14T11:03:47Z">
    <groups>
    </groups>
    <test name="Default test" duration-ms="11275" started-at="2016-08-14T11:03:36Z" finished-at="2016-08-14T11:03:47Z">
      <class name="DateSelector">
        <test-method status="FAIL" signature="setup()[pri:0, instance:DateSelector@1794d431]" name="setup" is-config="true" duration-ms="0" started-at="2016-08-14T21:03:36Z" finished-at="2016-08-14T21:03:36Z">
          <exception class="org.openqa.selenium.SessionNotCreatedException">
            <message>
              <![CDATA[A new session could not be created. (Original error: Activity used to start app doesn't exist or cannot be launched! Make sure it exists and is a launchable activity) (WARNING: The server did not provide any stacktrace information)
Command duration or timeout: 10.84 seconds
Build info: version: '2.51.0', revision: '1af067d', time: '2016-02-05 19:11:55'
System info: host: 'Riteshs-MacBook-Pro.local', ip: '192.168.56.1', os.name: 'Mac OS X', os.arch: 'x86_64', os.version: '10.11.5', java.version: '1.8.0_91'
Driver info: io.appium.java_client.android.AndroidDriver]]>
            </message>
            <full-stacktrace>
              <![CDATA[org.openqa.selenium.SessionNotCreatedException: A new session could not be created. (Original error: Activity used to start app doesn't exist or cannot be launched! Make sure it exists and is a launchable activity) (WARNING: The server did not provide any stacktrace information)
Command duration or timeout: 10.84 seconds
Build info: version: '2.51.0', revision: '1af067d', time: '2016-02-05 19:11:55'
System info: host: 'Riteshs-MacBook-Pro.local', ip: '192.168.56.1', os.name: 'Mac OS X', os.arch: 'x86_64', os.version: '10.11.5', java.version: '1.8.0_91'
Driver info: io.appium.java_client.android.AndroidDriver
	at sun.reflect.NativeConstructorAccessorImpl.newInstance0(Native Method)
	at sun.reflect.NativeConstructorAccessorImpl.newInstance(NativeConstructorAccessorImpl.java:62)
	at sun.reflect.DelegatingConstructorAccessorImpl.newInstance(DelegatingConstructorAccessorImpl.java:45)
	at java.lang.reflect.Constructor.newInstance(Constructor.java:423)
	at org.openqa.selenium.remote.ErrorHandler.createThrowable(ErrorHandler.java:206)
	at org.openqa.selenium.remote.ErrorHandler.throwIfResponseFailed(ErrorHandler.java:158)
	at org.openqa.selenium.remote.RemoteWebDriver.execute(RemoteWebDriver.java:678)
	at io.appium.java_client.DefaultGenericMobileDriver.execute(DefaultGenericMobileDriver.java:43)
	at io.appium.java_client.AppiumDriver.execute(AppiumDriver.java:1)
	at io.appium.java_client.android.AndroidDriver.execute(AndroidDriver.java:1)
	at org.openqa.selenium.remote.RemoteWebDriver.startSession(RemoteWebDriver.java:249)
	at org.openqa.selenium.remote.RemoteWebDriver.<init>(RemoteWebDriver.java:131)
	at org.openqa.selenium.remote.RemoteWebDriver.<init>(RemoteWebDriver.java:144)
	at io.appium.java_client.DefaultGenericMobileDriver.<init>(DefaultGenericMobileDriver.java:39)
	at io.appium.java_client.AppiumDriver.<init>(AppiumDriver.java:69)
	at io.appium.java_client.AppiumDriver.<init>(AppiumDriver.java:78)
	at io.appium.java_client.android.AndroidDriver.<init>(AndroidDriver.java:67)
	at DateSelector.setup(DateSelector.java:36)
	at sun.reflect.NativeMethodAccessorImpl.invoke0(Native Method)
	at sun.reflect.NativeMethodAccessorImpl.invoke(NativeMethodAccessorImpl.java:62)
	at sun.reflect.DelegatingMethodAccessorImpl.invoke(DelegatingMethodAccessorImpl.java:43)
	at java.lang.reflect.Method.invoke(Method.java:498)
	at org.testng.internal.MethodInvocationHelper.invokeMethod(MethodInvocationHelper.java:85)
	at org.testng.internal.Invoker.invokeConfigurationMethod(Invoker.java:510)
	at org.testng.internal.Invoker.invokeConfigurations(Invoker.java:211)
	at org.testng.internal.Invoker.invokeMethod(Invoker.java:585)
	at org.testng.internal.Invoker.invokeTestMethod(Invoker.java:816)
	at org.testng.internal.Invoker.invokeTestMethods(Invoker.java:1124)
	at org.testng.internal.TestMethodWorker.invokeTestMethods(TestMethodWorker.java:125)
	at org.testng.internal.TestMethodWorker.run(TestMethodWorker.java:108)
	at org.testng.TestRunner.privateRun(TestRunner.java:774)
	at org.testng.TestRunner.run(TestRunner.java:624)
	at org.testng.SuiteRunner.runTest(SuiteRunner.java:359)
	at org.testng.SuiteRunner.runSequentially(SuiteRunner.java:354)
	at org.testng.SuiteRunner.privateRun(SuiteRunner.java:312)
	at org.testng.SuiteRunner.run(SuiteRunner.java:261)
	at org.testng.SuiteRunnerWorker.runSuite(SuiteRunnerWorker.java:52)
	at org.testng.SuiteRunnerWorker.run(SuiteRunnerWorker.java:86)
	at org.testng.TestNG.runSuitesSequentially(TestNG.java:1215)
	at org.testng.TestNG.runSuitesLocally(TestNG.java:1140)
	at org.testng.TestNG.run(TestNG.java:1048)
	at org.testng.remote.AbstractRemoteTestNG.run(AbstractRemoteTestNG.java:126)
	at org.testng.remote.RemoteTestNG.initAndRun(RemoteTestNG.java:137)
	at org.testng.remote.RemoteTestNG.main(RemoteTestNG.java:58)
]]>
            </full-stacktrace>
          </exception> <!-- org.openqa.selenium.SessionNotCreatedException -->
          <reporter-output>
          </reporter-output>
        </test-method> <!-- setup -->
        <test-method status="SKIP" signature="selectDatesfromCalender(java.lang.String, java.lang.String, java.lang.String)[pri:0, instance:DateSelector@1794d431]" name="selectDatesfromCalender" duration-ms="1" started-at="2016-08-14T21:03:47Z" data-provider="getData" finished-at="2016-08-14T21:03:47Z">
          <params>
            <param index="0">
              <value>
                <![CDATA[15/04/2015]]>
              </value>
            </param>
            <param index="1">
              <value>
                <![CDATA[Event1]]>
              </value>
            </param>
            <param index="2">
              <value>
                <![CDATA[11:00]]>
              </value>
            </param>
          </params>
          <reporter-output>
          </reporter-output>
        </test-method> <!-- selectDatesfromCalender -->
        <test-method status="SKIP" signature="close()[pri:0, instance:DateSelector@1794d431]" name="close" is-config="true" duration-ms="0" started-at="2016-08-14T21:03:47Z" finished-at="2016-08-14T21:03:47Z">
          <reporter-output>
          </reporter-output>
        </test-method> <!-- close -->
        <test-method status="SKIP" signature="setup()[pri:0, instance:DateSelector@1794d431]" name="setup" is-config="true" duration-ms="0" started-at="2016-08-14T21:03:47Z" finished-at="2016-08-14T21:03:47Z">
          <reporter-output>
          </reporter-output>
        </test-method> <!-- setup -->
        <test-method status="SKIP" signature="selectDatesfromCalender(java.lang.String, java.lang.String, java.lang.String)[pri:0, instance:DateSelector@1794d431]" name="selectDatesfromCalender" duration-ms="1" started-at="2016-08-14T21:03:47Z" data-provider="getData" finished-at="2016-08-14T21:03:47Z">
          <params>
            <param index="0">
              <value>
                <![CDATA[15/12/2015]]>
              </value>
            </param>
            <param index="1">
              <value>
                <![CDATA[Event2]]>
              </value>
            </param>
            <param index="2">
              <value>
                <![CDATA[11:00]]>
              </value>
            </param>
          </params>
          <reporter-output>
          </reporter-output>
        </test-method> <!-- selectDatesfromCalender -->
        <test-method status="SKIP" signature="close()[pri:0, instance:DateSelector@1794d431]" name="close" is-config="true" duration-ms="0" started-at="2016-08-14T21:03:47Z" finished-at="2016-08-14T21:03:47Z">
          <reporter-output>
          </reporter-output>
        </test-method> <!-- close -->
        <test-method status="SKIP" signature="setup()[pri:0, instance:DateSelector@1794d431]" name="setup" is-config="true" duration-ms="0" started-at="2016-08-14T21:03:47Z" finished-at="2016-08-14T21:03:47Z">
          <reporter-output>
          </reporter-output>
        </test-method> <!-- setup -->
        <test-method status="SKIP" signature="selectDatesfromCalender(java.lang.String, java.lang.String, java.lang.String)[pri:0, instance:DateSelector@1794d431]" name="selectDatesfromCalender" duration-ms="2" started-at="2016-08-14T21:03:47Z" data-provider="getData" finished-at="2016-08-14T21:03:47Z">
          <params>
            <param index="0">
              <value>
                <![CDATA[15/12/2016]]>
              </value>
            </param>
            <param index="1">
              <value>
                <![CDATA[Event3]]>
              </value>
            </param>
            <param index="2">
              <value>
                <![CDATA[11:00]]>
              </value>
            </param>
          </params>
          <reporter-output>
          </reporter-output>
        </test-method> <!-- selectDatesfromCalender -->
        <test-method status="SKIP" signature="close()[pri:0, instance:DateSelector@1794d431]" name="close" is-config="true" duration-ms="0" started-at="2016-08-14T21:03:47Z" finished-at="2016-08-14T21:03:47Z">
          <reporter-output>
          </reporter-output>
        </test-method> <!-- close -->
      </class> <!-- DateSelector -->
    </test> <!-- Default test -->
  </suite> <!-- Default suite -->
</testng-results>
